# JRE version: OpenJDK Runtime Environment (17.0.10) (build 17.0.10+0--11609105)
# Java VM: OpenJDK 64-Bit Server VM (17.0.10+0--11609105, mixed mode, tiered, compressed oops, compressed class ptrs, g1 gc, windows-amd64)
GC Precious Log:
 CPUs: 16 total, 16 available
 Memory: 15776M
 Large Page Support: Disabled
 NUMA Support: Disabled
 Compressed Oops: Enabled (32-bit)
 Heap Region Size: 1M
 Heap Min Capacity: 8M
 Heap Initial Capacity: 248M
 Heap Max Capacity: 2G
 Pre-touch: Disabled
 Parallel Workers: 13
 Concurrent Workers: 3
 Concurrent Refinement Workers: 13
 Periodic GC: Disabled
Heap:
 garbage-first heap   total 92160K, used 61108K [0x0000000080000000, 0x0000000100000000)
  region size 1024K, 25 young (25600K), 3 survivors (3072K)
 Metaspace       used 73070K, committed 73600K, reserved 1114112K
  class space    used 10191K, committed 10432K, reserved 1048576K
GC Heap History (20 events):
Event: 4.151 GC heap before
{Heap before GC invocations=7 (full 0):
 garbage-first heap   total 71680K, used 51278K [0x0000000080000000, 0x0000000100000000)
  region size 1024K, 31 young (31744K), 2 survivors (2048K)
 Metaspace       used 33928K, committed 34240K, reserved 1114112K
  class space    used 4593K, committed 4736K, reserved 1048576K
}
Event: 4.154 GC heap after
{Heap after GC invocations=8 (full 0):
 garbage-first heap   total 71680K, used 23997K [0x0000000080000000, 0x0000000100000000)
  region size 1024K, 4 young (4096K), 4 survivors (4096K)
 Metaspace       used 33928K, committed 34240K, reserved 1114112K
  class space    used 4593K, committed 4736K, reserved 1048576K
}
Event: 4.350 GC heap before
{Heap before GC invocations=8 (full 0):
 garbage-first heap   total 71680K, used 35261K [0x0000000080000000, 0x0000000100000000)
  region size 1024K, 16 young (16384K), 4 survivors (4096K)
 Metaspace       used 35692K, committed 35968K, reserved 1114112K
  class space    used 4842K, committed 4992K, reserved 1048576K
}
Event: 4.354 GC heap after
{Heap after GC invocations=9 (full 0):
 garbage-first heap   total 71680K, used 24461K [0x0000000080000000, 0x0000000100000000)
  region size 1024K, 2 young (2048K), 2 survivors (2048K)
 Metaspace       used 35692K, committed 35968K, reserved 1114112K
  class space    used 4842K, committed 4992K, reserved 1048576K
}
Event: 4.873 GC heap before
{Heap before GC invocations=10 (full 0):
 garbage-first heap   total 71680K, used 54157K [0x0000000080000000, 0x0000000100000000)
  region size 1024K, 32 young (32768K), 2 survivors (2048K)
 Metaspace       used 41490K, committed 41856K, reserved 1114112K
  class space    used 5466K, committed 5632K, reserved 1048576K
}
Event: 4.877 GC heap after
{Heap after GC invocations=11 (full 0):
 garbage-first heap   total 92160K, used 28120K [0x0000000080000000, 0x0000000100000000)
  region size 1024K, 4 young (4096K), 4 survivors (4096K)
 Metaspace       used 41490K, committed 41856K, reserved 1114112K
  class space    used 5466K, committed 5632K, reserved 1048576K
}
Event: 5.395 GC heap before
{Heap before GC invocations=11 (full 0):
 garbage-first heap   total 92160K, used 70104K [0x0000000080000000, 0x0000000100000000)
  region size 1024K, 45 young (46080K), 4 survivors (4096K)
 Metaspace       used 44193K, committed 44672K, reserved 1114112K
  class space    used 5907K, committed 6144K, reserved 1048576K
}
Event: 5.399 GC heap after
{Heap after GC invocations=12 (full 0):
 garbage-first heap   total 92160K, used 31432K [0x0000000080000000, 0x0000000100000000)
  region size 1024K, 6 young (6144K), 6 survivors (6144K)
 Metaspace       used 44193K, committed 44672K, reserved 1114112K
  class space    used 5907K, committed 6144K, reserved 1048576K
}
Event: 6.244 GC heap before
{Heap before GC invocations=12 (full 0):
 garbage-first heap   total 92160K, used 71368K [0x0000000080000000, 0x0000000100000000)
  region size 1024K, 45 young (46080K), 6 survivors (6144K)
 Metaspace       used 49532K, committed 49920K, reserved 1114112K
  class space    used 6760K, committed 6912K, reserved 1048576K
}
Event: 6.249 GC heap after
{Heap after GC invocations=13 (full 0):
 garbage-first heap   total 92160K, used 34149K [0x0000000080000000, 0x0000000100000000)
  region size 1024K, 3 young (3072K), 3 survivors (3072K)
 Metaspace       used 49532K, committed 49920K, reserved 1114112K
  class space    used 6760K, committed 6912K, reserved 1048576K
}
Event: 7.842 GC heap before
{Heap before GC invocations=13 (full 0):
 garbage-first heap   total 92160K, used 71013K [0x0000000080000000, 0x0000000100000000)
  region size 1024K, 40 young (40960K), 3 survivors (3072K)
 Metaspace       used 56797K, committed 57280K, reserved 1114112K
  class space    used 7707K, committed 7936K, reserved 1048576K
}
Event: 7.847 GC heap after
{Heap after GC invocations=14 (full 0):
 garbage-first heap   total 92160K, used 35769K [0x0000000080000000, 0x0000000100000000)
  region size 1024K, 5 young (5120K), 5 survivors (5120K)
 Metaspace       used 56797K, committed 57280K, reserved 1114112K
  class space    used 7707K, committed 7936K, reserved 1048576K
}
Event: 8.533 GC heap before
{Heap before GC invocations=14 (full 0):
 garbage-first heap   total 92160K, used 72633K [0x0000000080000000, 0x0000000100000000)
  region size 1024K, 41 young (41984K), 5 survivors (5120K)
 Metaspace       used 59570K, committed 60032K, reserved 1114112K
  class space    used 8036K, committed 8256K, reserved 1048576K
}
Event: 8.537 GC heap after
{Heap after GC invocations=15 (full 0):
 garbage-first heap   total 92160K, used 38177K [0x0000000080000000, 0x0000000100000000)
  region size 1024K, 5 young (5120K), 5 survivors (5120K)
 Metaspace       used 59570K, committed 60032K, reserved 1114112K
  class space    used 8036K, committed 8256K, reserved 1048576K
}
Event: 8.547 GC heap before
{Heap before GC invocations=15 (full 0):
 garbage-first heap   total 92160K, used 38177K [0x0000000080000000, 0x0000000100000000)
  region size 1024K, 6 young (6144K), 5 survivors (5120K)
 Metaspace       used 59663K, committed 60096K, reserved 1114112K
  class space    used 8047K, committed 8256K, reserved 1048576K
}
Event: 8.549 GC heap after
{Heap after GC invocations=16 (full 0):
 garbage-first heap   total 92160K, used 37984K [0x0000000080000000, 0x0000000100000000)
  region size 1024K, 1 young (1024K), 1 survivors (1024K)
 Metaspace       used 59663K, committed 60096K, reserved 1114112K
  class space    used 8047K, committed 8256K, reserved 1048576K
}
Event: 9.267 GC heap before
{Heap before GC invocations=17 (full 0):
 garbage-first heap   total 92160K, used 75872K [0x0000000080000000, 0x0000000100000000)
  region size 1024K, 36 young (36864K), 1 survivors (1024K)
 Metaspace       used 65072K, committed 65536K, reserved 1114112K
  class space    used 8688K, committed 8896K, reserved 1048576K
}
Event: 9.269 GC heap after
{Heap after GC invocations=18 (full 0):
 garbage-first heap   total 92160K, used 38564K [0x0000000080000000, 0x0000000100000000)
  region size 1024K, 2 young (2048K), 2 survivors (2048K)
 Metaspace       used 65072K, committed 65536K, reserved 1114112K
  class space    used 8688K, committed 8896K, reserved 1048576K
}
Event: 10.044 GC heap before
{Heap before GC invocations=18 (full 0):
 garbage-first heap   total 92160K, used 74404K [0x0000000080000000, 0x0000000100000000)
  region size 1024K, 37 young (37888K), 2 survivors (2048K)
 Metaspace       used 70555K, committed 71104K, reserved 1114112K
  class space    used 9856K, committed 10112K, reserved 1048576K
}
Event: 10.048 GC heap after
{Heap after GC invocations=19 (full 0):
 garbage-first heap   total 92160K, used 39604K [0x0000000080000000, 0x0000000100000000)
  region size 1024K, 3 young (3072K), 3 survivors (3072K)
 Metaspace       used 70555K, committed 71104K, reserved 1114112K
  class space    used 9856K, committed 10112K, reserved 1048576K
}

